This is pdfTeX, Version 3.141592653-2.6-1.40.27 (MiKTeX 25.4) (preloaded format=pdflatex 2025.11.11)  25 FEB 2026 14:53
entering extended mode
 restricted \write18 enabled.
 file:line:error style messages enabled.
 %&-line parsing enabled.
**"c:/Users/John Michael Jabuen/Documents/CMSC 199.2/Conference/CoVirNet_NiDS.t
ex"

(c:/Users/John Michael Jabuen/Documents/CMSC 199.2/Conference/CoVirNet_NiDS.tex
LaTeX2e <2025-11-01>
L3 programming layer <2025-10-24>

(C:\Users\John Michael Jabuen\AppData\Local\Programs\MiKTeX\tex/latex/llncs\lln
cs.cls
Document Class: llncs 2025/02/25 v2.26 
 LaTeX document class for Lecture Notes in Computer Science

(C:\Users\John Michael Jabuen\AppData\Local\Programs\MiKTeX\tex/latex/base\arti
cle.cls
Document Class: article 2025/01/22 v1.4n Standard LaTeX document class

(C:\Users\John Michael Jabuen\AppData\Local\Programs\MiKTeX\tex/latex/base\size
10.clo
File: size10.clo 2025/01/22 v1.4n Standard LaTeX file (size option)
)
\c@part=\count275
\c@section=\count276
\c@subsection=\count277
\c@subsubsection=\count278
\c@paragraph=\count279
\c@subparagraph=\count280
\c@figure=\count281
\c@table=\count282
\abovecaptionskip=\skip49
\belowcaptionskip=\skip50
\bibindent=\dimen148
)
(C:\Users\John Michael Jabuen\AppData\Local\Programs\MiKTeX\tex/latex/tools\mul
ticol.sty
Package: multicol 2025/10/21 v2.0b multicolumn formatting (FMi)
\c@tracingmulticols=\count283
\mult@box=\box53
\multicol@leftmargin=\dimen149
\c@unbalance=\count284
\c@collectmore=\count285
\doublecol@number=\count286
\multicoltolerance=\count287
\multicolpretolerance=\count288
\full@width=\dimen150
\page@free=\dimen151
\premulticols=\dimen152
\postmulticols=\dimen153
\multicolsep=\skip51
\multicolbaselineskip=\skip52
\partial@page=\box54
\last@line=\box55
\mc@boxedresult=\box56
\maxbalancingoverflow=\dimen154
\mult@rightbox=\box57
\mult@grightbox=\box58
\mult@firstbox=\box59
\mult@gfirstbox=\box60
\@tempa=\box61
\@tempa=\box62
\@tempa=\box63
\@tempa=\box64
\@tempa=\box65
\@tempa=\box66
\@tempa=\box67
\@tempa=\box68
\@tempa=\box69
\@tempa=\box70
\@tempa=\box71
\@tempa=\box72
\@tempa=\box73
\@tempa=\box74
\@tempa=\box75
\@tempa=\box76
\@tempa=\box77
\@tempa=\box78
\@tempa=\box79
\@tempa=\box80
\@tempa=\box81
\@tempa=\box82
\@tempa=\box83
\@tempa=\box84
\@tempa=\box85
\@tempa=\box86
\@tempa=\box87
\@tempa=\box88
\@tempa=\box89
\@tempa=\box90
\@tempa=\box91
\@tempa=\box92
\@tempa=\box93
\@tempa=\box94
\@tempa=\box95
\@tempa=\box96
\c@minrows=\count289
\c@columnbadness=\count290
\c@finalcolumnbadness=\count291
\last@try=\dimen155
\multicolovershoot=\dimen156
\multicolundershoot=\dimen157
\mult@nat@firstbox=\box97
\colbreak@box=\box98
\mc@col@check@num=\count292
\g__mc_curr_col_int=\count293
)
(C:\Users\John Michael Jabuen\AppData\Local\Programs\MiKTeX\tex/latex/oberdiek\
aliascnt.sty
Package: aliascnt 2018/09/07 v1.5 Alias counters (HO)
)
\c@chapter=\count294
LaTeX Font Info:    Redeclaring math symbol \Gamma on input line 379.
LaTeX Font Info:    Redeclaring math symbol \Delta on input line 380.
LaTeX Font Info:    Redeclaring math symbol \Theta on input line 381.
LaTeX Font Info:    Redeclaring math symbol \Lambda on input line 382.
LaTeX Font Info:    Redeclaring math symbol \Xi on input line 383.
LaTeX Font Info:    Redeclaring math symbol \Pi on input line 384.
LaTeX Font Info:    Redeclaring math symbol \Sigma on input line 385.
LaTeX Font Info:    Redeclaring math symbol \Upsilon on input line 386.
LaTeX Font Info:    Redeclaring math symbol \Phi on input line 387.
LaTeX Font Info:    Redeclaring math symbol \Psi on input line 388.
LaTeX Font Info:    Redeclaring math symbol \Omega on input line 389.
LaTeX Info: Redefining \vec on input line 394.
\tocchpnum=\dimen158
\tocsecnum=\dimen159
\tocsectotal=\dimen160
\tocsubsecnum=\dimen161
\tocsubsectotal=\dimen162
\tocsubsubsecnum=\dimen163
\tocsubsubsectotal=\dimen164
\tocparanum=\dimen165
\tocparatotal=\dimen166
\tocsubparanum=\dimen167
\@tempcntc=\count295
\fnindent=\dimen168
\c@@inst=\count296
\c@@auth=\count297
\c@auco=\count298
\instindent=\dimen169
\authrun=\box99
\authorrunning=\toks17
\tocauthor=\toks18
\titrun=\box100
\titlerunning=\toks19
\toctitle=\toks20
\c@theorem=\count299
\c@case=\count300
\c@conjecture=\count301
\c@corollary=\count302
\c@definition=\count303
\c@example=\count304
\c@exercise=\count305
\c@lemma=\count306
\c@note=\count307
\c@problem=\count308
\c@property=\count309
\c@proposition=\count310
\c@question=\count311
\c@solution=\count312
\c@remark=\count313
\headlineindent=\dimen170
)
(C:\Users\John Michael Jabuen\AppData\Local\Programs\MiKTeX\tex/latex/base\font
enc.sty
Package: fontenc 2025/07/18 v2.1d Standard LaTeX package
)
(C:\Users\John Michael Jabuen\AppData\Local\Programs\MiKTeX\tex/latex/float\flo
at.sty
Package: float 2001/11/08 v1.3d Float enhancements (AL)
\c@float@type=\count314
\float@exts=\toks21
\float@box=\box101
\@float@everytoks=\toks22
\@floatcapt=\box102
)
(C:\Users\John Michael Jabuen\AppData\Local\Programs\MiKTeX\tex/latex/graphics\
graphicx.sty
Package: graphicx 2024/12/31 v1.2e Enhanced LaTeX Graphics (DPC,SPQR)

(C:\Users\John Michael Jabuen\AppData\Local\Programs\MiKTeX\tex/latex/graphics\
keyval.sty
Package: keyval 2022/05/29 v1.15 key=value parser (DPC)
\KV@toks@=\toks23
)
(C:\Users\John Michael Jabuen\AppData\Local\Programs\MiKTeX\tex/latex/graphics\
graphics.sty
Package: graphics 2024/08/06 v1.4g Standard LaTeX Graphics (DPC,SPQR)

(C:\Users\John Michael Jabuen\AppData\Local\Programs\MiKTeX\tex/latex/graphics\
trig.sty
Package: trig 2023/12/02 v1.11 sin cos tan (DPC)
)
(C:\Users\John Michael Jabuen\AppData\Local\Programs\MiKTeX\tex/latex/graphics-
cfg\graphics.cfg
File: graphics.cfg 2016/06/04 v1.11 sample graphics configuration
)
Package graphics Info: Driver file: pdftex.def on input line 106.

(C:\Users\John Michael Jabuen\AppData\Local\Programs\MiKTeX\tex/latex/graphics-
def\pdftex.def
File: pdftex.def 2025/09/29 v1.2d Graphics/color driver for pdftex
))
\Gin@req@height=\dimen171
\Gin@req@width=\dimen172
)
(C:\Users\John Michael Jabuen\AppData\Local\Programs\MiKTeX\tex/latex/amsmath\a
msmath.sty
Package: amsmath 2025/07/09 v2.17z AMS math features
\@mathmargin=\skip53

For additional information on amsmath, use the `?' option.

(C:\Users\John Michael Jabuen\AppData\Local\Programs\MiKTeX\tex/latex/amsmath\a
mstext.sty
Package: amstext 2024/11/17 v2.01 AMS text

(C:\Users\John Michael Jabuen\AppData\Local\Programs\MiKTeX\tex/latex/amsmath\a
msgen.sty
File: amsgen.sty 1999/11/30 v2.0 generic functions
\@emptytoks=\toks24
\ex@=\dimen173
))
(C:\Users\John Michael Jabuen\AppData\Local\Programs\MiKTeX\tex/latex/amsmath\a
msbsy.sty
Package: amsbsy 1999/11/29 v1.2d Bold Symbols
\pmbraise@=\dimen174
)
(C:\Users\John Michael Jabuen\AppData\Local\Programs\MiKTeX\tex/latex/amsmath\a
msopn.sty
Package: amsopn 2022/04/08 v2.04 operator names
)
\inf@bad=\count315
LaTeX Info: Redefining \frac on input line 233.
\uproot@=\count316
\leftroot@=\count317
LaTeX Info: Redefining \overline on input line 398.
LaTeX Info: Redefining \colon on input line 409.
\classnum@=\count318
\DOTSCASE@=\count319
LaTeX Info: Redefining \ldots on input line 495.
LaTeX Info: Redefining \dots on input line 498.
LaTeX Info: Redefining \cdots on input line 619.
\Mathstrutbox@=\box103
\strutbox@=\box104
LaTeX Info: Redefining \big on input line 721.
LaTeX Info: Redefining \Big on input line 722.
LaTeX Info: Redefining \bigg on input line 723.
LaTeX Info: Redefining \Bigg on input line 724.
\big@size=\dimen175
LaTeX Font Info:    Redeclaring font encoding OML on input line 742.
LaTeX Font Info:    Redeclaring font encoding OMS on input line 743.


Package amsmath Warning: Unable to redefine math accent \vec.

\macc@depth=\count320
LaTeX Info: Redefining \bmod on input line 904.
LaTeX Info: Redefining \pmod on input line 909.
LaTeX Info: Redefining \smash on input line 939.
LaTeX Info: Redefining \relbar on input line 969.
LaTeX Info: Redefining \Relbar on input line 970.
\c@MaxMatrixCols=\count321
\dotsspace@=\muskip17
\c@parentequation=\count322
\dspbrk@lvl=\count323
\tag@help=\toks25
\row@=\count324
\column@=\count325
\maxfields@=\count326
\andhelp@=\toks26
\eqnshift@=\dimen176
\alignsep@=\dimen177
\tagshift@=\dimen178
\tagwidth@=\dimen179
\totwidth@=\dimen180
\lineht@=\dimen181
\@envbody=\toks27
\multlinegap=\skip54
\multlinetaggap=\skip55
\mathdisplay@stack=\toks28
LaTeX Info: Redefining \[ on input line 2950.
LaTeX Info: Redefining \] on input line 2951.
)
(C:\Users\John Michael Jabuen\AppData\Local\Programs\MiKTeX\tex/latex/listings\
listings.sty \lstset,
\lst@mode=\count327
 
new hook `InitVars',

new hook `EndGroup',

new hook `ExitVars',

new hook `ModeTrue',

new hook `EOL',
\lst@gtempboxa=\box105
\lst@token=\toks29
\lst@length=\count328

new hook `InitVarsBOL',
\lst@currlwidth=\dimen182
\lst@column=\count329
\lst@pos=\count330
\lst@lostspace=\dimen183
\lst@width=\dimen184
basewidth, 
new hook `FontAdjust',
fontadjust, 
new hook `PostOutput',

new hook `OutputBox',

new hook `InitBOL',
columns, flexiblecolumns,
\lst@newlines=\count331
 
new hook `OnNewLine',
emptylines, 
new hook `OnEmptyLine',
identifierstyle, 
new hook `EmptyStyle',

new hook `OutputOther',

new hook `Output',
tabsize, showtabs, tab, showspaces, keepspaces, 
new hook `Init',
formfeed, upquote, SelectCharTable, MoreSelectCharTable,

new hook `SetLanguage',
extendedchars, useoutput, rescanchars, alsoletter, alsodigit, alsoother,

new hook `SelectCharTable',
excludedelims, delim, moredelim, deletedelim, literate, basicstyle,
inputencoding, multicols, 
new hook `EveryLine',
\lst@lineno=\count332
print, firstline, lastline, 
new hook `PreSet',
nolol, linerange, consecutivenumbers, rangeprefix, rangesuffix,
rangebeginprefix, rangebeginsuffix, rangeendprefix, rangeendsuffix,
includerangemarker, 
new hook `DeInit',
captionpos, abovecaptionskip, belowcaptionskip, label, title, caption,

new hook `TextStyle',
\lstlistingname, \lstlistingnamestyle, numberbychapter, boxpos, float,
floatplacement, aboveskip, belowskip, everydisplay, 
new hook `DisplayStyle',

new hook `PreInit',

new hook `EveryPar',
showlines,
\lst@maxwidth=\dimen185
 
new hook `InitVarsEOL',
gobble, name, \lstlistlistingname, \lstlistoflistings, inputpath,
\lstnewenvironment, fancyvrb,
(C:\Users\John Michael Jabuen\AppData\Local\Programs\MiKTeX\tex/latex/listings\
lstpatch.sty
File: lstpatch.sty 2025/10/06 1.11 (Carsten Heinz)
)
(C:\Users\John Michael Jabuen\AppData\Local\Programs\MiKTeX\tex/latex/listings\
lstmisc.sty
File: lstmisc.sty 2025/10/06 1.11 (Carsten Heinz)
 
Define lst-aspect `strings': string, morestring, deletestring, stringstyle,
showstringspaces, 
new hook `ExcludeDelims',

Allocs: none

Define lst-aspect `comments': comment, morecomment, deletecomment,
commentstyle, 
new hook `AfterBeginComment',

Allocs: none

Define lst-aspect `escape': texcl, escapebegin, escapeend, escapechar,
escapeinside, mathescape, 
Allocs: none

Define lst-aspect `keywords': sensitive, 
new hook `TrackKeywords',

new hook `PostTrackKeywords',

new hook `DetectKeywords',
classoffset, keywords, morekeywords, deletekeywords, keywordstyle,
keywordstyle, ndkeywords, morendkeywords, deletendkeywords, ndkeywordstyle,
keywordsprefix, otherkeywords, 
Allocs: none

Define lst-aspect `emph': emph, moreemph, deleteemph, emphstyle, 
Allocs: none

Define lst-aspect `index': index, moreindex, deleteindex, indexstyle,
\lstindexmacro, 
Allocs: none

Define lst-aspect `style': \lststylefiles, \lstdefinestyle, \lst@definestyle,
style, 
new hook `SetStyle',

Allocs: none

Define lst-aspect `language': \lstlanguagefiles, \lstdefinelanguage,
\lst@definelanguage, language, alsolanguage, \lstalias, defaultdialect,

Allocs: none

Define lst-aspect `labels': numbers, stepnumber, numberfirstline, numberstyle,
numbersep, numberblanklines, firstnumber,
\c@lstnumber=\count333
\lst@skipnumbers=\count334
 
Allocs: 2\count, 

Define lst-aspect `lineshape': xleftmargin, xrightmargin, resetmargins,

new hook `BoxUnsafe',
linewidth, lineskip, breaklines, breakindent, breakautoindent,
breakatwhitespace, prebreak, postbreak, 
Allocs: none

Define lst-aspect `frames': framexleftmargin, framexrightmargin,
framextopmargin, framexbottommargin, backgroundcolor, fillcolor, rulecolor,
rulesepcolor, rulesep, framerule, framesep, frameshape, frameround, frame,
\lst@framebox=\box106


Allocs: 1\box, 
) 
Allocs: 8\count, 4\dimen, 2\box, 1\toks, 

(C:\Users\John Michael Jabuen\AppData\Local\Programs\MiKTeX\tex/latex/listings\
listings.cfg
File: listings.cfg 2025/10/06 1.11 listings configuration
))
Package: listings 2025/10/06 1.11 (Carsten Heinz)

==> First Aid for listings.sty no longer applied!
    Expected:
        2024/09/23 1.10c (Carsten Heinz)
    but found:
        2025/10/06 1.11 (Carsten Heinz)
    so I'm assuming it got fixed.

(C:\Users\John Michael Jabuen\AppData\Local\Programs\MiKTeX\tex/latex/listings\
lstlang1.sty
File: lstlang1.sty 2025/10/06 1.11 listings language file
)
(C:\Users\John Michael Jabuen\AppData\Local\Programs\MiKTeX\tex/latex/l3backend
\l3backend-pdftex.def
File: l3backend-pdftex.def 2025-10-09 L3 backend support: PDF output (pdfTeX)
\l__color_backend_stack_int=\count335
) (CoVirNet_NiDS.aux)
\openout1 = `CoVirNet_NiDS.aux'.

LaTeX Font Info:    Checking defaults for OML/cmm/m/it on input line 27.
LaTeX Font Info:    ... okay on input line 27.
LaTeX Font Info:    Checking defaults for OMS/cmsy/m/n on input line 27.
LaTeX Font Info:    ... okay on input line 27.
LaTeX Font Info:    Checking defaults for OT1/cmr/m/n on input line 27.
LaTeX Font Info:    ... okay on input line 27.
LaTeX Font Info:    Checking defaults for T1/cmr/m/n on input line 27.
LaTeX Font Info:    ... okay on input line 27.
LaTeX Font Info:    Checking defaults for TS1/cmr/m/n on input line 27.
LaTeX Font Info:    ... okay on input line 27.
LaTeX Font Info:    Checking defaults for OMX/cmex/m/n on input line 27.
LaTeX Font Info:    ... okay on input line 27.
LaTeX Font Info:    Checking defaults for U/cmr/m/n on input line 27.
LaTeX Font Info:    ... okay on input line 27.

(C:\Users\John Michael Jabuen\AppData\Local\Programs\MiKTeX\tex/context/base/mk
ii\supp-pdf.mkii
[Loading MPS to PDF converter (version 2006.09.02).]
\scratchcounter=\count336
\scratchdimen=\dimen186
\scratchbox=\box107
\nofMPsegments=\count337
\nofMParguments=\count338
\everyMPshowfont=\toks30
\MPscratchCnt=\count339
\MPscratchDim=\dimen187
\MPnumerator=\count340
\makeMPintoPDFobject=\count341
\everyMPtoPDFconversion=\toks31
)
(C:\Users\John Michael Jabuen\AppData\Local\Programs\MiKTeX\tex/latex/epstopdf-
pkg\epstopdf-base.sty
Package: epstopdf-base 2020-01-24 v2.11 Base part for package epstopdf
Package epstopdf-base Info: Redefining graphics rule for `.eps' on input line 4
85.

(C:\Users\John Michael Jabuen\AppData\Local\Programs\MiKTeX\tex/latex/00miktex\
epstopdf-sys.cfg
File: epstopdf-sys.cfg 2021/03/18 v2.0 Configuration of epstopdf for MiKTeX
))
\c@lstlisting=\count342
 [1

{C:/Users/John Michael Jabuen/AppData/Local/MiKTeX/fonts/map/pdftex/pdftex.map}
] [2]
Overfull \hbox (1.93011pt too wide) in paragraph at lines 75--76
\T1/cmr/m/n/10 dalone mod-els, more re-cent work has ex-plored hy-bridiza-tion 
in the im-age pipeline.
 []

[3]

LaTeX Warning: Citation `' on page 4 undefined on input line 96.

[4]
Overfull \hbox (1.456pt too wide) in paragraph at lines 121--144
[][] 
 []

[5] [6]

LaTeX Warning: Citation ` ' on page 7 undefined on input line 228.

[7] [8]
Underfull \hbox (badness 1117) in paragraph at lines 329--330
[]\T1/cmr/m/n/9 J. De-vlin, M. Chang, K. Lee, and K. Toutanova, ^^PBERT: pre-tr
aining of
 []


Underfull \hbox (badness 1715) in paragraph at lines 329--330
\T1/cmr/m/n/9 deep bidi-rec-tional trans-form-ers for lan-guage un-der-stand-in
g,^^Q arXiv preprint
 []

[9] [10] (CoVirNet_NiDS.aux)
 ***********
LaTeX2e <2025-11-01>
L3 programming layer <2025-10-24>
 ***********
 ) 
Here is how much of TeX's memory you used:
 4233 strings out of 467871
 63082 string characters out of 5411563
 670540 words of memory out of 5000000
 33088 multiletter control sequences out of 15000+600000
 638819 words of font info for 62 fonts, out of 8000000 for 9000
 1141 hyphenation exceptions out of 8191
 57i,12n,65p,1694b,334s stack positions out of 10000i,1000n,20000p,200000b,200000s
 <C:\Users\John Michael Jabuen\AppData\Local\MiKTeX\fonts/pk/ljfour/jknappen/
ec/dpi600\tcrm1000.pk> <C:\Users\John Michael Jabuen\AppData\Local\MiKTeX\fonts
/pk/ljfour/jknappen/ec/dpi600\ecbx1000.pk> <C:\Users\John Michael Jabuen\AppDat
a\Local\MiKTeX\fonts/pk/ljfour/jknappen/ec/dpi600\ecbx1200.pk> <C:\Users\John M
ichael Jabuen\AppData\Local\MiKTeX\fonts/pk/ljfour/jknappen/ec/dpi600\tcrm0900.
pk> <C:\Users\John Michael Jabuen\AppData\Local\MiKTeX\fonts/pk/ljfour/jknappen
/ec/dpi600\ecbx0900.pk> <C:\Users\John Michael Jabuen\AppData\Local\MiKTeX\font
s/pk/ljfour/jknappen/ec/dpi600\ecrm0900.pk> <C:\Users\John Michael Jabuen\AppDa
ta\Local\MiKTeX\fonts/pk/ljfour/jknappen/ec/dpi600\ecrm1000.pk> <C:\Users\John 
Michael Jabuen\AppData\Local\MiKTeX\fonts/pk/ljfour/jknappen/ec/dpi600\ecbx1440
.pk><C:/Users/John Michael Jabuen/AppData/Local/Programs/MiKTeX/fonts/type1/pub
lic/amsfonts/cm/cmex10.pfb><C:/Users/John Michael Jabuen/AppData/Local/Programs
/MiKTeX/fonts/type1/public/amsfonts/cm/cmmi10.pfb><C:/Users/John Michael Jabuen
/AppData/Local/Programs/MiKTeX/fonts/type1/public/amsfonts/cm/cmmi5.pfb><C:/Use
rs/John Michael Jabuen/AppData/Local/Programs/MiKTeX/fonts/type1/public/amsfont
s/cm/cmmi7.pfb><C:/Users/John Michael Jabuen/AppData/Local/Programs/MiKTeX/font
s/type1/public/amsfonts/cm/cmr10.pfb><C:/Users/John Michael Jabuen/AppData/Loca
l/Programs/MiKTeX/fonts/type1/public/amsfonts/cm/cmr7.pfb><C:/Users/John Michae
l Jabuen/AppData/Local/Programs/MiKTeX/fonts/type1/public/amsfonts/cm/cmr9.pfb>
<C:/Users/John Michael Jabuen/AppData/Local/Programs/MiKTeX/fonts/type1/public/
amsfonts/cm/cmsy10.pfb><C:/Users/John Michael Jabuen/AppData/Local/Programs/MiK
TeX/fonts/type1/public/amsfonts/cm/cmsy7.pfb><C:/Users/John Michael Jabuen/AppD
ata/Local/Programs/MiKTeX/fonts/type1/public/amsfonts/cm/cmsy9.pfb>
Output written on CoVirNet_NiDS.pdf (10 pages, 227434 bytes).
PDF statistics:
 416 PDF objects out of 1000 (max. 8388607)
 0 named destinations out of 1000 (max. 500000)
 1 words of extra memory for PDF output out of 10000 (max. 10000000)

