c:\users\john michael jabuen\documents\soduko solver\multithread\vs2017\sudoku_ants\x64\release\vc143.pdb
c:\users\john michael jabuen\documents\soduko solver\multithread\vs2017\sudoku_ants\x64\release\solvermain.obj
c:\users\john michael jabuen\documents\soduko solver\multithread\vs2017\sudoku_ants\x64\release\sudokuantsystem.obj
c:\users\john michael jabuen\documents\soduko solver\multithread\vs2017\sudoku_ants\x64\release\sudokuant.obj
c:\users\john michael jabuen\documents\soduko solver\multithread\vs2017\sudoku_ants\x64\release\parallelsudokuantsystem.obj
c:\users\john michael jabuen\documents\soduko solver\multithread\vs2017\sudoku_ants\x64\release\multithreadmulticolonyantsystem.obj
c:\users\john michael jabuen\documents\soduko solver\multithread\vs2017\sudoku_ants\x64\release\multicolonyantsystem.obj
c:\users\john michael jabuen\documents\soduko solver\multithread\vs2017\sudoku_ants\x64\release\constraintpropagation.obj
c:\users\john michael jabuen\documents\soduko solver\multithread\vs2017\sudoku_ants\x64\release\colonyant.obj
c:\users\john michael jabuen\documents\soduko solver\multithread\vs2017\sudoku_ants\x64\release\board.obj
c:\users\john michael jabuen\documents\soduko solver\multithread\vs2017\sudoku_ants\x64\release\backtracksearch.obj
c:\users\john michael jabuen\documents\soduko solver\multithread\vs2017\x64\release\sudoku_ants.exe
c:\users\john michael jabuen\documents\soduko solver\multithread\vs2017\x64\release\sudoku_ants.pdb
c:\users\john michael jabuen\documents\soduko solver\multithread\vs2017\sudoku_ants\x64\release\sudoku_ants.ipdb
c:\users\john michael jabuen\documents\soduko solver\multithread\vs2017\sudoku_ants\x64\release\sudoku_ants.iobj
c:\users\john michael jabuen\documents\soduko solver\multithread\vs2017\sudoku_ants\x64\release\sudoku_ants.tlog\cl.command.1.tlog
c:\users\john michael jabuen\documents\soduko solver\multithread\vs2017\sudoku_ants\x64\release\sudoku_ants.tlog\cl.items.tlog
c:\users\john michael jabuen\documents\soduko solver\multithread\vs2017\sudoku_ants\x64\release\sudoku_ants.tlog\cl.read.1.tlog
c:\users\john michael jabuen\documents\soduko solver\multithread\vs2017\sudoku_ants\x64\release\sudoku_ants.tlog\cl.write.1.tlog
c:\users\john michael jabuen\documents\soduko solver\multithread\vs2017\sudoku_ants\x64\release\sudoku_ants.tlog\link.command.1.tlog
c:\users\john michael jabuen\documents\soduko solver\multithread\vs2017\sudoku_ants\x64\release\sudoku_ants.tlog\link.read.1.tlog
c:\users\john michael jabuen\documents\soduko solver\multithread\vs2017\sudoku_ants\x64\release\sudoku_ants.tlog\link.secondary.1.tlog
c:\users\john michael jabuen\documents\soduko solver\multithread\vs2017\sudoku_ants\x64\release\sudoku_ants.tlog\link.write.1.tlog
